<?xml version="1.0" encoding="UTF-8" ?>
<testsuite failures="0" time="0" errors="0" skipped="0" tests="3" name="com.golf.mvc.ReqTest">
  <properties>
    <property name="java.runtime.name" value="Java(TM) SE Runtime Environment"/>
    <property name="sun.boot.library.path" value="E:\javaTool\jdk1.6.0_30\jre\bin"/>
    <property name="java.vm.version" value="20.5-b03"/>
    <property name="java.vm.vendor" value="Sun Microsystems Inc."/>
    <property name="java.vendor.url" value="http://java.sun.com/"/>
    <property name="path.separator" value=";"/>
    <property name="guice.disable.misplaced.annotation.check" value="true"/>
    <property name="java.vm.name" value="Java HotSpot(TM) Client VM"/>
    <property name="file.encoding.pkg" value="sun.io"/>
    <property name="user.country" value="CN"/>
    <property name="sun.java.launcher" value="SUN_STANDARD"/>
    <property name="sun.os.patch.level" value="Service Pack 1"/>
    <property name="java.vm.specification.name" value="Java Virtual Machine Specification"/>
    <property name="user.dir" value="E:\java\golf\git\golf\golf"/>
    <property name="java.runtime.version" value="1.6.0_30-b12"/>
    <property name="java.awt.graphicsenv" value="sun.awt.Win32GraphicsEnvironment"/>
    <property name="java.endorsed.dirs" value="E:\javaTool\jdk1.6.0_30\jre\lib\endorsed"/>
    <property name="os.arch" value="x86"/>
    <property name="java.io.tmpdir" value="C:\Users\ADMINI~1\AppData\Local\Temp\"/>
    <property name="line.separator" value="
"/>
    <property name="java.vm.specification.vendor" value="Sun Microsystems Inc."/>
    <property name="user.variant" value=""/>
    <property name="os.name" value="Windows 7"/>
    <property name="net.sourceforge.cobertura.datafile" value="E:\java\golf\git\golf\golf\target\cobertura\cobertura.ser"/>
    <property name="classworlds.conf" value="D:\mvn\apache-maven-3.0.4\bin\m2.conf"/>
    <property name="sun.jnu.encoding" value="GBK"/>
    <property name="java.library.path" value="E:\javaTool\jdk1.6.0_30\bin;C:\Windows\Sun\Java\bin;C:\Windows\system32;C:\Windows;E:/javaTool/jdk1.6.0_30/bin/../jre/bin/client;E:/javaTool/jdk1.6.0_30/bin/../jre/bin;E:/javaTool/jdk1.6.0_30/bin/../jre/lib/i386;C:\Program Files\IBM\WebSphere MQ\Java\lib;C:\Ruby193\bin;C:\Program Files\Common Files\Microsoft Shared\Windows Live;E:\javaTool\jdk1.6.0_30\bin;D:\mvn\apache-maven-3.0.4\bin;D:\oracle\product\10.2.0\db_1\bin;C:\Windows\system32;C:\Windows;C:\Windows\System32\Wbem;C:\Windows\System32\WindowsPowerShell\v1.0\;C:\Program Files\Intel\WiFi\bin\;C:\Program Files\Common Files\Intel\WirelessCommon\;C:\Program Files\Common Files\Lenovo;C:\Program Files\Lenovo\Access Connections\;C:\Program Files\Windows Live\Shared;E:\Program Files\TortoiseSVN\bin;E:\Program Files\Mozilla Firefox\;C:\Program Files\Common Files\Thunder Network\KanKan\Codecs;C:\Program Files\IBM\WebSphere MQ\bin;C:\Program Files\Mercurial;E:\Program Files\TortoiseGit\bin;C:\Program Files\SSH Communications Security\SSH Secure Shell;E:\Program Files\Apache-Subversion-1.7.5\bin;C:\Program Files\Mercurial;E:\javaTool\eclipse-jee-indigo-SR2-win32\eclipse;;."/>
    <property name="java.specification.name" value="Java Platform API Specification"/>
    <property name="java.class.version" value="50.0"/>
    <property name="sun.management.compiler" value="HotSpot Client Compiler"/>
    <property name="os.version" value="6.1"/>
    <property name="user.home" value="C:\Users\Administrator"/>
    <property name="user.timezone" value="Asia/Shanghai"/>
    <property name="java.awt.printerjob" value="sun.awt.windows.WPrinterJob"/>
    <property name="java.specification.version" value="1.6"/>
    <property name="file.encoding" value="GBK"/>
    <property name="user.name" value="Administrator"/>
    <property name="java.class.path" value="D:\mvn\apache-maven-3.0.4\boot\plexus-classworlds-2.4.jar"/>
    <property name="java.vm.specification.version" value="1.0"/>
    <property name="sun.arch.data.model" value="32"/>
    <property name="java.home" value="E:\javaTool\jdk1.6.0_30\jre"/>
    <property name="sun.java.command" value="org.codehaus.plexus.classworlds.launcher.Launcher clean site"/>
    <property name="java.specification.vendor" value="Sun Microsystems Inc."/>
    <property name="user.language" value="zh"/>
    <property name="awt.toolkit" value="sun.awt.windows.WToolkit"/>
    <property name="java.vm.info" value="mixed mode"/>
    <property name="java.version" value="1.6.0_30"/>
    <property name="java.ext.dirs" value="E:\javaTool\jdk1.6.0_30\jre\lib\ext;C:\Windows\Sun\Java\lib\ext"/>
    <property name="sun.boot.class.path" value="E:\javaTool\jdk1.6.0_30\jre\lib\resources.jar;E:\javaTool\jdk1.6.0_30\jre\lib\rt.jar;E:\javaTool\jdk1.6.0_30\jre\lib\sunrsasign.jar;E:\javaTool\jdk1.6.0_30\jre\lib\jsse.jar;E:\javaTool\jdk1.6.0_30\jre\lib\jce.jar;E:\javaTool\jdk1.6.0_30\jre\lib\charsets.jar;E:\javaTool\jdk1.6.0_30\jre\lib\modules\jdk.boot.jar;E:\javaTool\jdk1.6.0_30\jre\classes"/>
    <property name="java.vendor" value="Sun Microsystems Inc."/>
    <property name="maven.home" value="D:\mvn\apache-maven-3.0.4"/>
    <property name="file.separator" value="\"/>
    <property name="java.vendor.url.bug" value="http://java.sun.com/cgi-bin/bugreport.cgi"/>
    <property name="sun.cpu.endian" value="little"/>
    <property name="sun.io.unicode.encoding" value="UnicodeLittle"/>
    <property name="project.build.outputDirectory" value="E:\java\golf\git\golf\golf\target\generated-classes\cobertura"/>
    <property name="sun.desktop" value="windows"/>
    <property name="sun.cpu.isalist" value="pentium_pro+mmx pentium_pro pentium+mmx pentium i486 i386 i86"/>
  </properties>
  <testcase time="0" classname="com.golf.mvc.ReqTest" name="postMultipartT"/>
  <testcase time="0" classname="com.golf.mvc.ReqTest" name="getT"/>
  <testcase time="0" classname="com.golf.mvc.ReqTest" name="postFromT"/>
</testsuite>